{"/home/ubuntu/Documents/Final Project/BackEnd/app/controller/categoryController.js": {"path":"/home/ubuntu/Documents/Final Project/BackEnd/app/controller/categoryController.js","statementMap":{"0":{"start":{"line":1,"column":22},"end":{"line":1,"column":42}},"1":{"start":{"line":3,"column":26},"end":{"line":16,"column":1}},"2":{"start":{"line":4,"column":4},"end":{"line":15,"column":5}},"3":{"start":{"line":5,"column":27},"end":{"line":5,"column":51}},"4":{"start":{"line":6,"column":8},"end":{"line":9,"column":11}},"5":{"start":{"line":11,"column":8},"end":{"line":14,"column":11}},"6":{"start":{"line":18,"column":30},"end":{"line":35,"column":1}},"7":{"start":{"line":19,"column":4},"end":{"line":34,"column":5}},"8":{"start":{"line":20,"column":27},"end":{"line":24,"column":10}},"9":{"start":{"line":25,"column":8},"end":{"line":28,"column":11}},"10":{"start":{"line":30,"column":8},"end":{"line":33,"column":11}},"11":{"start":{"line":37,"column":23},"end":{"line":52,"column":1}},"12":{"start":{"line":38,"column":4},"end":{"line":51,"column":5}},"13":{"start":{"line":39,"column":25},"end":{"line":41,"column":10}},"14":{"start":{"line":42,"column":8},"end":{"line":45,"column":11}},"15":{"start":{"line":47,"column":8},"end":{"line":50,"column":11}},"16":{"start":{"line":54,"column":23},"end":{"line":73,"column":1}},"17":{"start":{"line":55,"column":4},"end":{"line":72,"column":5}},"18":{"start":{"line":56,"column":25},"end":{"line":62,"column":10}},"19":{"start":{"line":63,"column":8},"end":{"line":66,"column":11}},"20":{"start":{"line":68,"column":8},"end":{"line":71,"column":11}},"21":{"start":{"line":75,"column":23},"end":{"line":92,"column":1}},"22":{"start":{"line":76,"column":4},"end":{"line":91,"column":5}},"23":{"start":{"line":77,"column":25},"end":{"line":81,"column":10}},"24":{"start":{"line":82,"column":8},"end":{"line":85,"column":11}},"25":{"start":{"line":87,"column":8},"end":{"line":90,"column":11}},"26":{"start":{"line":94,"column":0},"end":{"line":100,"column":2}}},"fnMap":{"0":{"name":"(anonymous_0)","decl":{"start":{"line":3,"column":26},"end":{"line":3,"column":27}},"loc":{"start":{"line":3,"column":46},"end":{"line":16,"column":1}},"line":3},"1":{"name":"(anonymous_1)","decl":{"start":{"line":18,"column":30},"end":{"line":18,"column":31}},"loc":{"start":{"line":18,"column":50},"end":{"line":35,"column":1}},"line":18},"2":{"name":"(anonymous_2)","decl":{"start":{"line":37,"column":23},"end":{"line":37,"column":24}},"loc":{"start":{"line":37,"column":43},"end":{"line":52,"column":1}},"line":37},"3":{"name":"(anonymous_3)","decl":{"start":{"line":54,"column":23},"end":{"line":54,"column":24}},"loc":{"start":{"line":54,"column":43},"end":{"line":73,"column":1}},"line":54},"4":{"name":"(anonymous_4)","decl":{"start":{"line":75,"column":23},"end":{"line":75,"column":24}},"loc":{"start":{"line":75,"column":43},"end":{"line":92,"column":1}},"line":75}},"branchMap":{},"s":{"0":1,"1":1,"2":0,"3":0,"4":0,"5":0,"6":1,"7":0,"8":0,"9":0,"10":0,"11":1,"12":0,"13":0,"14":0,"15":0,"16":1,"17":0,"18":0,"19":0,"20":0,"21":1,"22":0,"23":0,"24":0,"25":0,"26":1},"f":{"0":0,"1":0,"2":0,"3":0,"4":0},"b":{},"_coverageSchema":"1a1c01bbd47fc00a2c39e90264f33305004495a9","hash":"8c5f31a3a8fb6ca7f981a2a809b8efdcd566c92b"}
,"/home/ubuntu/Documents/Final Project/BackEnd/app/models/category.js": {"path":"/home/ubuntu/Documents/Final Project/BackEnd/app/models/category.js","statementMap":{"0":{"start":{"line":2,"column":18},"end":{"line":2,"column":38}},"1":{"start":{"line":3,"column":0},"end":{"line":28,"column":2}},"2":{"start":{"line":12,"column":6},"end":{"line":15,"column":9}},"3":{"start":{"line":18,"column":2},"end":{"line":26,"column":4}},"4":{"start":{"line":27,"column":2},"end":{"line":27,"column":18}}},"fnMap":{"0":{"name":"(anonymous_0)","decl":{"start":{"line":3,"column":17},"end":{"line":3,"column":18}},"loc":{"start":{"line":3,"column":43},"end":{"line":28,"column":1}},"line":3},"1":{"name":"(anonymous_1)","decl":{"start":{"line":10,"column":4},"end":{"line":10,"column":5}},"loc":{"start":{"line":10,"column":29},"end":{"line":16,"column":5}},"line":10}},"branchMap":{},"s":{"0":1,"1":1,"2":1,"3":1,"4":1},"f":{"0":1,"1":1},"b":{},"_coverageSchema":"1a1c01bbd47fc00a2c39e90264f33305004495a9","hash":"b25680519ae77b73867ee333af46e97518a80c0f"}
,"/home/ubuntu/Documents/Final Project/BackEnd/app/models/history.js": {"path":"/home/ubuntu/Documents/Final Project/BackEnd/app/models/history.js","statementMap":{"0":{"start":{"line":2,"column":18},"end":{"line":2,"column":38}},"1":{"start":{"line":3,"column":0},"end":{"line":30,"column":2}},"2":{"start":{"line":12,"column":6},"end":{"line":14,"column":9}},"3":{"start":{"line":15,"column":6},"end":{"line":17,"column":9}},"4":{"start":{"line":20,"column":2},"end":{"line":28,"column":4}},"5":{"start":{"line":29,"column":2},"end":{"line":29,"column":17}}},"fnMap":{"0":{"name":"(anonymous_0)","decl":{"start":{"line":3,"column":17},"end":{"line":3,"column":18}},"loc":{"start":{"line":3,"column":43},"end":{"line":30,"column":1}},"line":3},"1":{"name":"(anonymous_1)","decl":{"start":{"line":10,"column":4},"end":{"line":10,"column":5}},"loc":{"start":{"line":10,"column":29},"end":{"line":18,"column":5}},"line":10}},"branchMap":{},"s":{"0":1,"1":1,"2":1,"3":1,"4":1,"5":1},"f":{"0":1,"1":1},"b":{},"_coverageSchema":"1a1c01bbd47fc00a2c39e90264f33305004495a9","hash":"049ba2eee3a7f5b338e87309532db85460eaba84"}
,"/home/ubuntu/Documents/Final Project/BackEnd/app/models/index.js": {"path":"/home/ubuntu/Documents/Final Project/BackEnd/app/models/index.js","statementMap":{"0":{"start":{"line":3,"column":11},"end":{"line":3,"column":24}},"1":{"start":{"line":4,"column":13},"end":{"line":4,"column":28}},"2":{"start":{"line":5,"column":18},"end":{"line":5,"column":38}},"3":{"start":{"line":6,"column":17},"end":{"line":6,"column":42}},"4":{"start":{"line":7,"column":12},"end":{"line":7,"column":49}},"5":{"start":{"line":8,"column":15},"end":{"line":8,"column":68}},"6":{"start":{"line":9,"column":11},"end":{"line":9,"column":13}},"7":{"start":{"line":12,"column":0},"end":{"line":16,"column":1}},"8":{"start":{"line":13,"column":2},"end":{"line":13,"column":74}},"9":{"start":{"line":15,"column":2},"end":{"line":15,"column":87}},"10":{"start":{"line":18,"column":0},"end":{"line":26,"column":5}},"11":{"start":{"line":21,"column":4},"end":{"line":21,"column":90}},"12":{"start":{"line":24,"column":18},"end":{"line":24,"column":85}},"13":{"start":{"line":25,"column":4},"end":{"line":25,"column":27}},"14":{"start":{"line":28,"column":0},"end":{"line":32,"column":3}},"15":{"start":{"line":29,"column":2},"end":{"line":31,"column":3}},"16":{"start":{"line":30,"column":4},"end":{"line":30,"column":32}},"17":{"start":{"line":34,"column":0},"end":{"line":34,"column":25}},"18":{"start":{"line":35,"column":0},"end":{"line":35,"column":25}},"19":{"start":{"line":37,"column":0},"end":{"line":37,"column":20}}},"fnMap":{"0":{"name":"(anonymous_0)","decl":{"start":{"line":20,"column":10},"end":{"line":20,"column":11}},"loc":{"start":{"line":20,"column":18},"end":{"line":22,"column":3}},"line":20},"1":{"name":"(anonymous_1)","decl":{"start":{"line":23,"column":11},"end":{"line":23,"column":12}},"loc":{"start":{"line":23,"column":19},"end":{"line":26,"column":3}},"line":23},"2":{"name":"(anonymous_2)","decl":{"start":{"line":28,"column":24},"end":{"line":28,"column":25}},"loc":{"start":{"line":28,"column":37},"end":{"line":32,"column":1}},"line":28}},"branchMap":{"0":{"loc":{"start":{"line":7,"column":12},"end":{"line":7,"column":49}},"type":"binary-expr","locations":[{"start":{"line":7,"column":12},"end":{"line":7,"column":32}},{"start":{"line":7,"column":36},"end":{"line":7,"column":49}}],"line":7},"1":{"loc":{"start":{"line":12,"column":0},"end":{"line":16,"column":1}},"type":"if","locations":[{"start":{"line":12,"column":0},"end":{"line":16,"column":1}},{"start":{"line":14,"column":7},"end":{"line":16,"column":1}}],"line":12},"2":{"loc":{"start":{"line":21,"column":11},"end":{"line":21,"column":89}},"type":"binary-expr","locations":[{"start":{"line":21,"column":12},"end":{"line":21,"column":35}},{"start":{"line":21,"column":41},"end":{"line":21,"column":58}},{"start":{"line":21,"column":64},"end":{"line":21,"column":88}}],"line":21},"3":{"loc":{"start":{"line":29,"column":2},"end":{"line":31,"column":3}},"type":"if","locations":[{"start":{"line":29,"column":2},"end":{"line":31,"column":3}},{"start":{},"end":{}}],"line":29}},"s":{"0":1,"1":1,"2":1,"3":1,"4":1,"5":1,"6":1,"7":1,"8":0,"9":1,"10":1,"11":6,"12":5,"13":5,"14":1,"15":5,"16":5,"17":1,"18":1,"19":1},"f":{"0":6,"1":5,"2":5},"b":{"0":[1,0],"1":[0,1],"2":[6,6,5],"3":[5,0]},"_coverageSchema":"1a1c01bbd47fc00a2c39e90264f33305004495a9","hash":"6647178ef3a36ed113b1624c70ab6696c93d970d"}
,"/home/ubuntu/Documents/Final Project/BackEnd/app/models/product.js": {"path":"/home/ubuntu/Documents/Final Project/BackEnd/app/models/product.js","statementMap":{"0":{"start":{"line":2,"column":18},"end":{"line":2,"column":38}},"1":{"start":{"line":3,"column":0},"end":{"line":39,"column":2}},"2":{"start":{"line":12,"column":6},"end":{"line":14,"column":9}},"3":{"start":{"line":15,"column":6},"end":{"line":18,"column":9}},"4":{"start":{"line":19,"column":6},"end":{"line":21,"column":9}},"5":{"start":{"line":22,"column":6},"end":{"line":24,"column":9}},"6":{"start":{"line":27,"column":2},"end":{"line":37,"column":4}},"7":{"start":{"line":38,"column":2},"end":{"line":38,"column":17}}},"fnMap":{"0":{"name":"(anonymous_0)","decl":{"start":{"line":3,"column":17},"end":{"line":3,"column":18}},"loc":{"start":{"line":3,"column":43},"end":{"line":39,"column":1}},"line":3},"1":{"name":"(anonymous_1)","decl":{"start":{"line":10,"column":4},"end":{"line":10,"column":5}},"loc":{"start":{"line":10,"column":29},"end":{"line":25,"column":5}},"line":10}},"branchMap":{},"s":{"0":1,"1":1,"2":1,"3":1,"4":1,"5":1,"6":1,"7":1},"f":{"0":1,"1":1},"b":{},"_coverageSchema":"1a1c01bbd47fc00a2c39e90264f33305004495a9","hash":"e072d08ded92189417895badd88df22bec72c3df"}
,"/home/ubuntu/Documents/Final Project/BackEnd/app/models/productimage.js": {"path":"/home/ubuntu/Documents/Final Project/BackEnd/app/models/productimage.js","statementMap":{"0":{"start":{"line":2,"column":18},"end":{"line":2,"column":38}},"1":{"start":{"line":3,"column":0},"end":{"line":27,"column":2}},"2":{"start":{"line":12,"column":6},"end":{"line":14,"column":9}},"3":{"start":{"line":17,"column":2},"end":{"line":25,"column":4}},"4":{"start":{"line":26,"column":2},"end":{"line":26,"column":22}}},"fnMap":{"0":{"name":"(anonymous_0)","decl":{"start":{"line":3,"column":17},"end":{"line":3,"column":18}},"loc":{"start":{"line":3,"column":43},"end":{"line":27,"column":1}},"line":3},"1":{"name":"(anonymous_1)","decl":{"start":{"line":10,"column":4},"end":{"line":10,"column":5}},"loc":{"start":{"line":10,"column":29},"end":{"line":15,"column":5}},"line":10}},"branchMap":{},"s":{"0":1,"1":1,"2":1,"3":1,"4":1},"f":{"0":1,"1":1},"b":{},"_coverageSchema":"1a1c01bbd47fc00a2c39e90264f33305004495a9","hash":"a2a8231f44cb2b2a43e323c72e5ccc444fbe9bfb"}
,"/home/ubuntu/Documents/Final Project/BackEnd/app/models/user.js": {"path":"/home/ubuntu/Documents/Final Project/BackEnd/app/models/user.js","statementMap":{"0":{"start":{"line":2,"column":18},"end":{"line":2,"column":38}},"1":{"start":{"line":3,"column":0},"end":{"line":36,"column":2}},"2":{"start":{"line":12,"column":6},"end":{"line":14,"column":9}},"3":{"start":{"line":15,"column":6},"end":{"line":17,"column":9}},"4":{"start":{"line":20,"column":2},"end":{"line":34,"column":4}},"5":{"start":{"line":35,"column":2},"end":{"line":35,"column":14}}},"fnMap":{"0":{"name":"(anonymous_0)","decl":{"start":{"line":3,"column":17},"end":{"line":3,"column":18}},"loc":{"start":{"line":3,"column":43},"end":{"line":36,"column":1}},"line":3},"1":{"name":"(anonymous_1)","decl":{"start":{"line":10,"column":4},"end":{"line":10,"column":5}},"loc":{"start":{"line":10,"column":29},"end":{"line":18,"column":5}},"line":10}},"branchMap":{},"s":{"0":1,"1":1,"2":1,"3":1,"4":1,"5":1},"f":{"0":1,"1":1},"b":{},"_coverageSchema":"1a1c01bbd47fc00a2c39e90264f33305004495a9","hash":"4f4d577892bd38e7b7ecd5dd326ecdd6d5c0bfe4"}
,"/home/ubuntu/Documents/Final Project/BackEnd/config/database.js": {"path":"/home/ubuntu/Documents/Final Project/BackEnd/config/database.js","statementMap":{"0":{"start":{"line":1,"column":0},"end":{"line":1,"column":27}},"1":{"start":{"line":3,"column":60},"end":{"line":3,"column":71}},"2":{"start":{"line":5,"column":0},"end":{"line":27,"column":2}}},"fnMap":{},"branchMap":{},"s":{"0":1,"1":1,"2":1},"f":{},"b":{},"_coverageSchema":"1a1c01bbd47fc00a2c39e90264f33305004495a9","hash":"4d38670aed2076c57c01e1315e4add4f738d83cb"}
}
