TN:
SF:app/controller/categoryController.js
FN:3,(anonymous_0)
FN:18,(anonymous_1)
FN:37,(anonymous_2)
FN:54,(anonymous_3)
FN:75,(anonymous_4)
FNF:5
FNH:0
FNDA:0,(anonymous_0)
FNDA:0,(anonymous_1)
FNDA:0,(anonymous_2)
FNDA:0,(anonymous_3)
FNDA:0,(anonymous_4)
DA:1,1
DA:3,1
DA:4,0
DA:5,0
DA:6,0
DA:11,0
DA:18,1
DA:19,0
DA:20,0
DA:25,0
DA:30,0
DA:37,1
DA:38,0
DA:39,0
DA:42,0
DA:47,0
DA:54,1
DA:55,0
DA:56,0
DA:63,0
DA:68,0
DA:75,1
DA:76,0
DA:77,0
DA:82,0
DA:87,0
DA:94,1
LF:27
LH:7
BRF:0
BRH:0
end_of_record
TN:
SF:app/models/category.js
FN:3,(anonymous_0)
FN:10,(anonymous_1)
FNF:2
FNH:2
FNDA:1,(anonymous_0)
FNDA:1,(anonymous_1)
DA:2,1
DA:3,1
DA:12,1
DA:18,1
DA:27,1
LF:5
LH:5
BRF:0
BRH:0
end_of_record
TN:
SF:app/models/history.js
FN:3,(anonymous_0)
FN:10,(anonymous_1)
FNF:2
FNH:2
FNDA:1,(anonymous_0)
FNDA:1,(anonymous_1)
DA:2,1
DA:3,1
DA:12,1
DA:15,1
DA:20,1
DA:29,1
LF:6
LH:6
BRF:0
BRH:0
end_of_record
TN:
SF:app/models/index.js
FN:20,(anonymous_0)
FN:23,(anonymous_1)
FN:28,(anonymous_2)
FNF:3
FNH:3
FNDA:6,(anonymous_0)
FNDA:5,(anonymous_1)
FNDA:5,(anonymous_2)
DA:3,1
DA:4,1
DA:5,1
DA:6,1
DA:7,1
DA:8,1
DA:9,1
DA:12,1
DA:13,0
DA:15,1
DA:18,1
DA:21,6
DA:24,5
DA:25,5
DA:28,1
DA:29,5
DA:30,5
DA:34,1
DA:35,1
DA:37,1
LF:20
LH:19
BRDA:7,0,0,1
BRDA:7,0,1,0
BRDA:12,1,0,0
BRDA:12,1,1,1
BRDA:21,2,0,6
BRDA:21,2,1,6
BRDA:21,2,2,5
BRDA:29,3,0,5
BRDA:29,3,1,0
BRF:9
BRH:6
end_of_record
TN:
SF:app/models/product.js
FN:3,(anonymous_0)
FN:10,(anonymous_1)
FNF:2
FNH:2
FNDA:1,(anonymous_0)
FNDA:1,(anonymous_1)
DA:2,1
DA:3,1
DA:12,1
DA:15,1
DA:19,1
DA:22,1
DA:27,1
DA:38,1
LF:8
LH:8
BRF:0
BRH:0
end_of_record
TN:
SF:app/models/productimage.js
FN:3,(anonymous_0)
FN:10,(anonymous_1)
FNF:2
FNH:2
FNDA:1,(anonymous_0)
FNDA:1,(anonymous_1)
DA:2,1
DA:3,1
DA:12,1
DA:17,1
DA:26,1
LF:5
LH:5
BRF:0
BRH:0
end_of_record
TN:
SF:app/models/user.js
FN:3,(anonymous_0)
FN:10,(anonymous_1)
FNF:2
FNH:2
FNDA:1,(anonymous_0)
FNDA:1,(anonymous_1)
DA:2,1
DA:3,1
DA:12,1
DA:15,1
DA:20,1
DA:35,1
LF:6
LH:6
BRF:0
BRH:0
end_of_record
TN:
SF:config/database.js
FNF:0
FNH:0
DA:1,1
DA:3,1
DA:5,1
LF:3
LH:3
BRF:0
BRH:0
end_of_record
